  main.cpp
c:\program files (x86)\windows kits\10\include\10.0.16299.0\shared\minwindef.h(130): warning C4005: 'APIENTRY': macro redefinition
  c:\users\user\desktop\personal\glfw-3.2.1.bin.win32\include\glfw\glfw3.h(98): note: see previous definition of 'APIENTRY'
c:\users\user\source\repos\pokemon\pokemon\vector.h(141): warning C4244: 'return': conversion from 'double' to 'float', possible loss of data
c:\users\user\source\repos\pokemon\pokemon\matrix.h(189): warning C4244: 'initializing': conversion from 'double' to 'float', possible loss of data
c:\users\user\source\repos\pokemon\pokemon\matrix.h(190): warning C4244: 'initializing': conversion from 'double' to 'float', possible loss of data
c:\users\user\source\repos\pokemon\pokemon\triangle_demo.h(37): warning C4244: '=': conversion from 'double' to 'float', possible loss of data
c:\users\user\source\repos\pokemon\pokemon\triangle_demo.h(38): warning C4244: '=': conversion from 'double' to 'float', possible loss of data
c:\users\user\source\repos\pokemon\pokemon\triangle_demo.h(509): warning C4305: 'initializing': truncation from 'double' to 'float'
c:\users\user\source\repos\pokemon\pokemon\triangle_demo.h(508): warning C4101: 'z': unreferenced local variable
c:\users\user\source\repos\pokemon\pokemon\triangle_demo.h(508): warning C4101: 'y': unreferenced local variable
c:\users\user\source\repos\pokemon\pokemon\triangle_demo.h(508): warning C4101: 'x': unreferenced local variable
c:\users\user\source\repos\pokemon\pokemon\triangle_demo.h(592): warning C4305: 'initializing': truncation from 'double' to 'float'
c:\users\user\source\repos\pokemon\pokemon\triangle_demo.h(616): warning C4244: 'argument': conversion from 'double' to 'GLfloat', possible loss of data
c:\users\user\source\repos\pokemon\pokemon\triangle_demo.h(617): warning C4244: 'argument': conversion from 'double' to 'GLfloat', possible loss of data
c:\users\user\source\repos\pokemon\pokemon\triangle_demo.h(591): warning C4101: 'z': unreferenced local variable
c:\users\user\source\repos\pokemon\pokemon\triangle_demo.h(591): warning C4101: 'y': unreferenced local variable
c:\users\user\source\repos\pokemon\pokemon\triangle_demo.h(591): warning C4101: 'x': unreferenced local variable
c:\users\user\source\repos\pokemon\pokemon\main.cpp(38): warning C4244: '=': conversion from 'double' to 'int', possible loss of data
c:\users\user\source\repos\pokemon\pokemon\main.cpp(39): warning C4244: '=': conversion from 'double' to 'int', possible loss of data
c:\users\user\source\repos\pokemon\pokemon\main.cpp(43): warning C4244: 'initializing': conversion from 'double' to 'int', possible loss of data
c:\users\user\source\repos\pokemon\pokemon\main.cpp(44): warning C4244: 'initializing': conversion from 'double' to 'int', possible loss of data
c:\users\user\source\repos\pokemon\pokemon\main.cpp(45): warning C4244: '=': conversion from 'double' to 'int', possible loss of data
  matrix.cpp
c:\users\user\source\repos\pokemon\pokemon\vector.h(141): warning C4244: 'return': conversion from 'double' to 'float', possible loss of data
c:\users\user\source\repos\pokemon\pokemon\matrix.h(189): warning C4244: 'initializing': conversion from 'double' to 'float', possible loss of data
c:\users\user\source\repos\pokemon\pokemon\matrix.h(190): warning C4244: 'initializing': conversion from 'double' to 'float', possible loss of data
  Generating Code...
LINK : warning LNK4098: defaultlib 'MSVCRT' conflicts with use of other libs; use /NODEFAULTLIB:library
  Pokemon.vcxproj -> C:\Users\User\source\repos\Pokemon\Debug\Pokemon.exe
